TEST		=	False
DATA_DIR	=	data/
DATA_FOLDERS	=	['2014', '2015', 'data_Q1_2016', 'data_Q2_2016', 'data_Q3_2016', 'data_Q4_2016']
FEATURE_COLS	=	['smart_9_raw', 'model', 'failure', 'serial_number']
THE_TIME	=	2017-04-24-08-09
SUMMARY_DIR	=	summary_data/
PERCENT_TOTAL_REQ	=	0.0
FAILURE_RATE_REQ	=	0
MIN_NUMBER_REQ	=	100
OUTPUT_DIR	=	survival_data
Unique models working over: ['HGST HDS5C4040ALE630' 'HGST HDS724040ALE640' 'HGST HMS5C4040ALE640'
 'HGST HMS5C4040BLE640' 'HGST HUH728080ALE600' 'Hitachi HDS5C3030ALA630'
 'Hitachi HDS5C3030BLE630' 'Hitachi HDS5C4040ALE630'
 'Hitachi HDS722020ALA330' 'Hitachi HDS723020BLA642'
 'Hitachi HDS723030ALA640' 'Hitachi HDS723030BLE640'
 'Hitachi HDS724040ALE640' 'Hitachi HDT721010SLA360'
 'Hitachi HDT725025VLA380' 'SAMSUNG HD103UJ' 'SAMSUNG HD154UI'
 'ST1000LM024 HN' 'ST1500DL001' 'ST1500DL003' 'ST1500DM003' 'ST2000DL001'
 'ST2000DL003' 'ST2000DM001' 'ST2000VN000' 'ST250LM004 HN' 'ST250LT007'
 'ST3000DM001' 'ST31500341AS' 'ST31500541AS' 'ST3160316AS' 'ST3160318AS'
 'ST32000542AS' 'ST320005XXXX' 'ST320LT007' 'ST33000651AS' 'ST3500320AS'
 'ST4000DM000' 'ST4000DX000' 'ST4000DX002' 'ST500LM012 HN' 'ST6000DM001'
 'ST6000DX000' 'ST8000DM002' 'ST8000NM0055' 'ST9250315AS' 'ST9320325AS'
 'TOSHIBA DT01ACA300' 'TOSHIBA MD04ABA400V' 'TOSHIBA MD04ABA500V'
 'TOSHIBA MQ01ABF050' 'WDC WD1000FYPS' 'WDC WD1001FALS' 'WDC WD10EACS'
 'WDC WD10EADS' 'WDC WD10EADX' 'WDC WD10EALS' 'WDC WD10EARS' 'WDC WD10EARX'
 'WDC WD15EARS' 'WDC WD1600AAJB' 'WDC WD1600AAJS' 'WDC WD1600BPVT'
 'WDC WD20EFRX' 'WDC WD2500AAJB' 'WDC WD2500AAJS' 'WDC WD2500BEVT'
 'WDC WD2500BPVT' 'WDC WD2500JB' 'WDC WD30EFRX' 'WDC WD30EZRS'
 'WDC WD30EZRX' 'WDC WD3200AAJB' 'WDC WD3200AAJS' 'WDC WD3200AAKS'
 'WDC WD3200BEKT' 'WDC WD3200BEKX' 'WDC WD3200LPVX' 'WDC WD40EFRX'
 'WDC WD5000AAJS' 'WDC WD5000BPKT' 'WDC WD5000LPCX' 'WDC WD5000LPVX'
 'WDC WD5002ABYS' 'WDC WD5003ABYX' 'WDC WD60EFRX' 'WDC WD800AAJB'
 'WDC WD800AAJS' 'WDC WD800BB' 'WDC WD800JB' 'WDC WD800JD' 'WDC WD800LB']
 ### ### ### ### ### ### ### ### ### ### #### ### ###
Working with: HGST HDS5C4040ALE630
Elapsed time: 0.0 seconds
 * * *
Loading and working with: data/2014/
There are 6 unique drives in the subset. 
There are 0 failures in the subset.
 * * *
Loading and working with: data/2015/
There are 63 unique drives in the subset. 
There are 3 failures in the subset.
 * * *
Loading and working with: data/data_Q1_2016/
There are 74 unique drives in the subset. 
There are 0 failures in the subset.
 * * *
Loading and working with: data/data_Q2_2016/
There are 75 unique drives in the subset. 
There are 0 failures in the subset.
 * * *
Loading and working with: data/data_Q3_2016/
There are 75 unique drives in the subset. 
There are 0 failures in the subset.
 * * *
Loading and working with: data/data_Q4_2016/
There are 77 unique drives in the subset. 
There are 0 failures in the subset.
There are 80 unique drives in the complete set. 
There are 3 failures in the complete set.
 ### ### ### ### ### ### ### ### ### ### #### ### ###
Working with: HGST HDS724040ALE640
Elapsed time: 862.6 seconds
 * * *
Loading and working with: data/2014/
There are 42 unique drives in the subset. 
There are 0 failures in the subset.
 * * *
Loading and working with: data/2015/
There are 42 unique drives in the subset. 
There are 2 failures in the subset.
 * * *
Loading and working with: data/data_Q1_2016/
There are 40 unique drives in the subset. 
There are 0 failures in the subset.
 * * *
Loading and working with: data/data_Q2_2016/
There are 40 unique drives in the subset. 
There are 0 failures in the subset.
 * * *
Loading and working with: data/data_Q3_2016/
There are 40 unique drives in the subset. 
There are 0 failures in the subset.
 * * *
Loading and working with: data/data_Q4_2016/
There are 40 unique drives in the subset. 
There are 0 failures in the subset.
There are 42 unique drives in the complete set. 
There are 2 failures in the complete set.
 ### ### ### ### ### ### ### ### ### ### #### ### ###
Working with: HGST HMS5C4040ALE640
Elapsed time: 1741.0 seconds
 * * *
Loading and working with: data/2014/
There are 7167 unique drives in the subset. 
There are 35 failures in the subset.
 * * *
Loading and working with: data/2015/
There are 7129 unique drives in the subset. 
There are 44 failures in the subset.
 * * *
Loading and working with: data/data_Q1_2016/
There are 7085 unique drives in the subset. 
There are 10 failures in the subset.
 * * *
Loading and working with: data/data_Q2_2016/
There are 7075 unique drives in the subset. 
There are 2 failures in the subset.
 * * *
Loading and working with: data/data_Q3_2016/
There are 7073 unique drives in the subset. 
There are 7 failures in the subset.
 * * *
Loading and working with: data/data_Q4_2016/
There are 7066 unique drives in the subset. 
There are 9 failures in the subset.
There are 7167 unique drives in the complete set. 
There are 107 failures in the complete set.
 ### ### ### ### ### ### ### ### ### ### #### ### ###
Working with: HGST HMS5C4040BLE640
Elapsed time: 2701.2 seconds
 * * *
Loading and working with: data/2014/
There are 3115 unique drives in the subset. 
There are 10 failures in the subset.
 * * *
Loading and working with: data/2015/
There are 3103 unique drives in the subset. 
There are 12 failures in the subset.
 * * *
Loading and working with: data/data_Q1_2016/
There are 3091 unique drives in the subset. 
There are 0 failures in the subset.
 * * *
Loading and working with: data/data_Q2_2016/
There are 8481 unique drives in the subset. 
There are 8 failures in the subset.
 * * *
Loading and working with: data/data_Q3_2016/
There are 9394 unique drives in the subset. 
There are 12 failures in the subset.
 * * *
Loading and working with: data/data_Q4_2016/
There are 9421 unique drives in the subset. 
There are 14 failures in the subset.
There are 10160 unique drives in the complete set. 
There are 56 failures in the complete set.
 ### ### ### ### ### ### ### ### ### ### #### ### ###
Working with: HGST HUH728080ALE600
Elapsed time: 3637.0 seconds
 * * *
Loading and working with: data/2014/
There are 0 unique drives in the subset. 
There are 0 failures in the subset.
 * * *
Loading and working with: data/2015/
There are 47 unique drives in the subset. 
There are 2 failures in the subset.
 * * *
Loading and working with: data/data_Q1_2016/
There are 45 unique drives in the subset. 
There are 0 failures in the subset.
 * * *
Loading and working with: data/data_Q2_2016/
There are 45 unique drives in the subset. 
There are 0 failures in the subset.
 * * *
Loading and working with: data/data_Q3_2016/
There are 45 unique drives in the subset. 
There are 0 failures in the subset.
 * * *
Loading and working with: data/data_Q4_2016/
There are 45 unique drives in the subset. 
There are 0 failures in the subset.
There are 47 unique drives in the complete set. 
There are 2 failures in the complete set.
 ### ### ### ### ### ### ### ### ### ### #### ### ###
Working with: Hitachi HDS5C3030ALA630
Elapsed time: 4552.0 seconds
 * * *
Loading and working with: data/2014/
There are 4623 unique drives in the subset. 
There are 27 failures in the subset.
 * * *
Loading and working with: data/2015/
There are 4606 unique drives in the subset. 
There are 47 failures in the subset.
 * * *
Loading and working with: data/data_Q1_2016/
There are 4563 unique drives in the subset. 
There are 8 failures in the subset.
 * * *
Loading and working with: data/data_Q2_2016/
There are 4555 unique drives in the subset. 
There are 11 failures in the subset.
 * * *
Loading and working with: data/data_Q3_2016/
There are 4496 unique drives in the subset. 
There are 4 failures in the subset.
 * * *
Loading and working with: data/data_Q4_2016/
There are 4492 unique drives in the subset. 
There are 13 failures in the subset.
There are 4636 unique drives in the complete set. 
There are 110 failures in the complete set.
 ### ### ### ### ### ### ### ### ### ### #### ### ###
Working with: Hitachi HDS5C3030BLE630
Elapsed time: 5483.6 seconds
 * * *
Loading and working with: data/2014/
There are 1 unique drives in the subset. 
There are 0 failures in the subset.
 * * *
Loading and working with: data/2015/
There are 1 unique drives in the subset. 
There are 0 failures in the subset.
 * * *
Loading and working with: data/data_Q1_2016/
There are 1 unique drives in the subset. 
There are 0 failures in the subset.
 * * *
Loading and working with: data/data_Q2_2016/
There are 1 unique drives in the subset. 
There are 0 failures in the subset.
 * * *
Loading and working with: data/data_Q3_2016/
There are 1 unique drives in the subset. 
There are 0 failures in the subset.
 * * *
Loading and working with: data/data_Q4_2016/
There are 1 unique drives in the subset. 
There are 0 failures in the subset.
There are 1 unique drives in the complete set. 
There are 0 failures in the complete set.
 ### ### ### ### ### ### ### ### ### ### #### ### ###
Working with: Hitachi HDS5C4040ALE630
Elapsed time: 6471.6 seconds
 * * *
Loading and working with: data/2014/
There are 2667 unique drives in the subset. 
There are 23 failures in the subset.
 * * *
Loading and working with: data/2015/
There are 2660 unique drives in the subset. 
There are 21 failures in the subset.
 * * *
Loading and working with: data/data_Q1_2016/
There are 2639 unique drives in the subset. 
There are 7 failures in the subset.
 * * *
Loading and working with: data/data_Q2_2016/
There are 2632 unique drives in the subset. 
There are 1 failures in the subset.
 * * *
Loading and working with: data/data_Q3_2016/
There are 2631 unique drives in the subset. 
There are 2 failures in the subset.
 * * *
Loading and working with: data/data_Q4_2016/
There are 2629 unique drives in the subset. 
There are 4 failures in the subset.
There are 2684 unique drives in the complete set. 
There are 58 failures in the complete set.
 ### ### ### ### ### ### ### ### ### ### #### ### ###
Working with: Hitachi HDS722020ALA330
Elapsed time: 7499.9 seconds
 * * *
Loading and working with: data/2014/
There are 4737 unique drives in the subset. 
There are 50 failures in the subset.
 * * *
Loading and working with: data/2015/
There are 4683 unique drives in the subset. 
There are 109 failures in the subset.
 * * *
Loading and working with: data/data_Q1_2016/
There are 4503 unique drives in the subset. 
There are 20 failures in the subset.
 * * *
Loading and working with: data/data_Q2_2016/
There are 4289 unique drives in the subset. 
There are 20 failures in the subset.
 * * *
Loading and working with: data/data_Q3_2016/
There are 3723 unique drives in the subset. 
There are 3 failures in the subset.
 * * *
Loading and working with: data/data_Q4_2016/
There are 230 unique drives in the subset. 
There are 0 failures in the subset.
There are 4737 unique drives in the complete set. 
There are 202 failures in the complete set.
 ### ### ### ### ### ### ### ### ### ### #### ### ###
Working with: Hitachi HDS723020BLA642
Elapsed time: 8525.9 seconds
 * * *
Loading and working with: data/2014/
There are 10 unique drives in the subset. 
There are 1 failures in the subset.
 * * *
Loading and working with: data/2015/
There are 9 unique drives in the subset. 
There are 1 failures in the subset.
 * * *
Loading and working with: data/data_Q1_2016/
There are 8 unique drives in the subset. 
There are 0 failures in the subset.
 * * *
Loading and working with: data/data_Q2_2016/
There are 6 unique drives in the subset. 
There are 0 failures in the subset.
 * * *
Loading and working with: data/data_Q3_2016/
There are 6 unique drives in the subset. 
There are 0 failures in the subset.
 * * *
Loading and working with: data/data_Q4_2016/
There are 0 unique drives in the subset. 
There are 0 failures in the subset.
There are 10 unique drives in the complete set. 
There are 2 failures in the complete set.
 ### ### ### ### ### ### ### ### ### ### #### ### ###
Working with: Hitachi HDS723030ALA640
Elapsed time: 9570.2 seconds
 * * *
Loading and working with: data/2014/
There are 1039 unique drives in the subset. 
There are 23 failures in the subset.
 * * *
Loading and working with: data/2015/
There are 1018 unique drives in the subset. 
There are 18 failures in the subset.
 * * *
Loading and working with: data/data_Q1_2016/
There are 1000 unique drives in the subset. 
There are 2 failures in the subset.
 * * *
Loading and working with: data/data_Q2_2016/
There are 998 unique drives in the subset. 
There are 8 failures in the subset.
 * * *
Loading and working with: data/data_Q3_2016/
There are 990 unique drives in the subset. 
There are 3 failures in the subset.
 * * *
Loading and working with: data/data_Q4_2016/
There are 987 unique drives in the subset. 
There are 9 failures in the subset.
There are 1041 unique drives in the complete set. 
There are 63 failures in the complete set.
 ### ### ### ### ### ### ### ### ### ### #### ### ###
Working with: Hitachi HDS723030BLE640
Elapsed time: 10620.7 seconds
 * * *
Loading and working with: data/2014/
There are 10 unique drives in the subset. 
There are 0 failures in the subset.
 * * *
Loading and working with: data/2015/
There are 10 unique drives in the subset. 
There are 1 failures in the subset.
 * * *
Loading and working with: data/data_Q1_2016/
There are 9 unique drives in the subset. 
There are 0 failures in the subset.
 * * *
Loading and working with: data/data_Q2_2016/
There are 9 unique drives in the subset. 
There are 0 failures in the subset.
 * * *
Loading and working with: data/data_Q3_2016/
There are 9 unique drives in the subset. 
There are 0 failures in the subset.
 * * *
Loading and working with: data/data_Q4_2016/
There are 9 unique drives in the subset. 
There are 0 failures in the subset.
There are 10 unique drives in the complete set. 
There are 1 failures in the complete set.
 ### ### ### ### ### ### ### ### ### ### #### ### ###
Working with: Hitachi HDS724040ALE640
Elapsed time: 11677.8 seconds
 * * *
Loading and working with: data/2014/
There are 1 unique drives in the subset. 
There are 0 failures in the subset.
 * * *
Loading and working with: data/2015/
There are 3 unique drives in the subset. 
There are 0 failures in the subset.
 * * *
Loading and working with: data/data_Q1_2016/
There are 3 unique drives in the subset. 
There are 0 failures in the subset.
 * * *
Loading and working with: data/data_Q2_2016/
There are 3 unique drives in the subset. 
There are 0 failures in the subset.
 * * *
Loading and working with: data/data_Q3_2016/
There are 3 unique drives in the subset. 
There are 0 failures in the subset.
 * * *
Loading and working with: data/data_Q4_2016/
There are 3 unique drives in the subset. 
There are 0 failures in the subset.
There are 3 unique drives in the complete set. 
There are 0 failures in the complete set.
 ### ### ### ### ### ### ### ### ### ### #### ### ###
Working with: Hitachi HDT721010SLA360
Elapsed time: 12760.5 seconds
 * * *
Loading and working with: data/2014/
There are 15 unique drives in the subset. 
There are 0 failures in the subset.
 * * *
Loading and working with: data/2015/
There are 0 unique drives in the subset. 
There are 0 failures in the subset.
 * * *
Loading and working with: data/data_Q1_2016/
There are 0 unique drives in the subset. 
There are 0 failures in the subset.
 * * *
Loading and working with: data/data_Q2_2016/
There are 0 unique drives in the subset. 
There are 0 failures in the subset.
 * * *
Loading and working with: data/data_Q3_2016/
There are 0 unique drives in the subset. 
There are 0 failures in the subset.
 * * *
Loading and working with: data/data_Q4_2016/
There are 0 unique drives in the subset. 
There are 0 failures in the subset.
There are 15 unique drives in the complete set. 
There are 0 failures in the complete set.
 ### ### ### ### ### ### ### ### ### ### #### ### ###
Working with: Hitachi HDT725025VLA380
Elapsed time: 13833.4 seconds
 * * *
Loading and working with: data/2014/
There are 1 unique drives in the subset. 
There are 0 failures in the subset.
 * * *
Loading and working with: data/2015/
There are 1 unique drives in the subset. 
There are 0 failures in the subset.
 * * *
Loading and working with: data/data_Q1_2016/
There are 1 unique drives in the subset. 
There are 0 failures in the subset.
 * * *
Loading and working with: data/data_Q2_2016/
There are 1 unique drives in the subset. 
There are 0 failures in the subset.
 * * *
Loading and working with: data/data_Q3_2016/
There are 1 unique drives in the subset. 
There are 0 failures in the subset.
 * * *
Loading and working with: data/data_Q4_2016/
There are 1 unique drives in the subset. 
There are 0 failures in the subset.
There are 1 unique drives in the complete set. 
There are 0 failures in the complete set.
 ### ### ### ### ### ### ### ### ### ### #### ### ###
Working with: SAMSUNG HD103UJ
Elapsed time: 14897.4 seconds
 * * *
Loading and working with: data/2014/
There are 14 unique drives in the subset. 
There are 0 failures in the subset.
 * * *
Loading and working with: data/2015/
There are 0 unique drives in the subset. 
There are 0 failures in the subset.
 * * *
Loading and working with: data/data_Q1_2016/
There are 0 unique drives in the subset. 
There are 0 failures in the subset.
 * * *
Loading and working with: data/data_Q2_2016/
There are 0 unique drives in the subset. 
There are 0 failures in the subset.
 * * *
Loading and working with: data/data_Q3_2016/
There are 0 unique drives in the subset. 
There are 0 failures in the subset.
 * * *
Loading and working with: data/data_Q4_2016/
There are 0 unique drives in the subset. 
There are 0 failures in the subset.
There are 14 unique drives in the complete set. 
There are 0 failures in the complete set.
 ### ### ### ### ### ### ### ### ### ### #### ### ###
Working with: SAMSUNG HD154UI
Elapsed time: 15986.8 seconds
 * * *
Loading and working with: data/2014/
There are 4 unique drives in the subset. 
There are 1 failures in the subset.
 * * *
Loading and working with: data/2015/
There are 2 unique drives in the subset. 
There are 0 failures in the subset.
 * * *
Loading and working with: data/data_Q1_2016/
There are 1 unique drives in the subset. 
There are 0 failures in the subset.
 * * *
Loading and working with: data/data_Q2_2016/
There are 0 unique drives in the subset. 
There are 0 failures in the subset.
 * * *
Loading and working with: data/data_Q3_2016/
There are 0 unique drives in the subset. 
There are 0 failures in the subset.
 * * *
Loading and working with: data/data_Q4_2016/
There are 0 unique drives in the subset. 
There are 0 failures in the subset.
There are 4 unique drives in the complete set. 
There are 1 failures in the complete set.
 ### ### ### ### ### ### ### ### ### ### #### ### ###
Working with: ST1000LM024 HN
Elapsed time: 17041.8 seconds
 * * *
Loading and working with: data/2014/
There are 0 unique drives in the subset. 
There are 0 failures in the subset.
 * * *
Loading and working with: data/2015/
There are 0 unique drives in the subset. 
There are 0 failures in the subset.
 * * *
Loading and working with: data/data_Q1_2016/
There are 0 unique drives in the subset. 
There are 0 failures in the subset.
 * * *
Loading and working with: data/data_Q2_2016/
There are 1 unique drives in the subset. 
There are 0 failures in the subset.
 * * *
Loading and working with: data/data_Q3_2016/
There are 1 unique drives in the subset. 
There are 0 failures in the subset.
 * * *
Loading and working with: data/data_Q4_2016/
There are 1 unique drives in the subset. 
There are 0 failures in the subset.
There are 1 unique drives in the complete set. 
There are 0 failures in the complete set.
 ### ### ### ### ### ### ### ### ### ### #### ### ###
Working with: ST1500DL001
Elapsed time: 18093.5 seconds
 * * *
Loading and working with: data/2014/
There are 2 unique drives in the subset. 
There are 0 failures in the subset.
 * * *
Loading and working with: data/2015/
There are 2 unique drives in the subset. 
There are 0 failures in the subset.
 * * *
Loading and working with: data/data_Q1_2016/
There are 0 unique drives in the subset. 
There are 0 failures in the subset.
 * * *
Loading and working with: data/data_Q2_2016/
There are 0 unique drives in the subset. 
There are 0 failures in the subset.
 * * *
Loading and working with: data/data_Q3_2016/
There are 0 unique drives in the subset. 
There are 0 failures in the subset.
 * * *
Loading and working with: data/data_Q4_2016/
There are 0 unique drives in the subset. 
There are 0 failures in the subset.
There are 2 unique drives in the complete set. 
There are 0 failures in the complete set.
 ### ### ### ### ### ### ### ### ### ### #### ### ###
Working with: ST1500DL003
Elapsed time: 19144.3 seconds
 * * *
Loading and working with: data/2014/
There are 55 unique drives in the subset. 
There are 26 failures in the subset.
 * * *
Loading and working with: data/2015/
There are 24 unique drives in the subset. 
There are 13 failures in the subset.
 * * *
Loading and working with: data/data_Q1_2016/
There are 0 unique drives in the subset. 
There are 0 failures in the subset.
 * * *
Loading and working with: data/data_Q2_2016/
There are 0 unique drives in the subset. 
There are 0 failures in the subset.
 * * *
Loading and working with: data/data_Q3_2016/
There are 0 unique drives in the subset. 
There are 0 failures in the subset.
 * * *
Loading and working with: data/data_Q4_2016/
There are 0 unique drives in the subset. 
There are 0 failures in the subset.
There are 55 unique drives in the complete set. 
There are 39 failures in the complete set.
 ### ### ### ### ### ### ### ### ### ### #### ### ###
Working with: ST1500DM003
Elapsed time: 20200.4 seconds
 * * *
Loading and working with: data/2014/
There are 5 unique drives in the subset. 
There are 0 failures in the subset.
 * * *
Loading and working with: data/2015/
There are 3 unique drives in the subset. 
There are 0 failures in the subset.
 * * *
Loading and working with: data/data_Q1_2016/
There are 0 unique drives in the subset. 
There are 0 failures in the subset.
 * * *
Loading and working with: data/data_Q2_2016/
There are 0 unique drives in the subset. 
There are 0 failures in the subset.
 * * *
Loading and working with: data/data_Q3_2016/
There are 0 unique drives in the subset. 
There are 0 failures in the subset.
 * * *
Loading and working with: data/data_Q4_2016/
There are 0 unique drives in the subset. 
There are 0 failures in the subset.
There are 5 unique drives in the complete set. 
There are 0 failures in the complete set.
 ### ### ### ### ### ### ### ### ### ### #### ### ###
Working with: ST2000DL001
Elapsed time: 21304.9 seconds
 * * *
Loading and working with: data/2014/
There are 2 unique drives in the subset. 
There are 1 failures in the subset.
 * * *
Loading and working with: data/2015/
There are 1 unique drives in the subset. 
There are 0 failures in the subset.
 * * *
Loading and working with: data/data_Q1_2016/
There are 0 unique drives in the subset. 
There are 0 failures in the subset.
 * * *
Loading and working with: data/data_Q2_2016/
There are 0 unique drives in the subset. 
There are 0 failures in the subset.
 * * *
Loading and working with: data/data_Q3_2016/
There are 0 unique drives in the subset. 
There are 0 failures in the subset.
 * * *
Loading and working with: data/data_Q4_2016/
There are 0 unique drives in the subset. 
There are 0 failures in the subset.
There are 2 unique drives in the complete set. 
There are 1 failures in the complete set.
 ### ### ### ### ### ### ### ### ### ### #### ### ###
Working with: ST2000DL003
Elapsed time: 22413.3 seconds
 * * *
Loading and working with: data/2014/
There are 2 unique drives in the subset. 
There are 1 failures in the subset.
 * * *
Loading and working with: data/2015/
There are 2 unique drives in the subset. 
There are 0 failures in the subset.
 * * *
Loading and working with: data/data_Q1_2016/
There are 0 unique drives in the subset. 
There are 0 failures in the subset.
 * * *
Loading and working with: data/data_Q2_2016/
There are 0 unique drives in the subset. 
There are 0 failures in the subset.
 * * *
Loading and working with: data/data_Q3_2016/
There are 0 unique drives in the subset. 
There are 0 failures in the subset.
 * * *
Loading and working with: data/data_Q4_2016/
There are 0 unique drives in the subset. 
There are 0 failures in the subset.
There are 3 unique drives in the complete set. 
There are 1 failures in the complete set.
 ### ### ### ### ### ### ### ### ### ### #### ### ###
Working with: ST2000DM001
Elapsed time: 23694.0 seconds
 * * *
Loading and working with: data/2014/
There are 7 unique drives in the subset. 
There are 1 failures in the subset.
 * * *
Loading and working with: data/2015/
There are 0 unique drives in the subset. 
There are 0 failures in the subset.
 * * *
Loading and working with: data/data_Q1_2016/
There are 0 unique drives in the subset. 
There are 0 failures in the subset.
 * * *
Loading and working with: data/data_Q2_2016/
There are 0 unique drives in the subset. 
There are 0 failures in the subset.
 * * *
Loading and working with: data/data_Q3_2016/
There are 0 unique drives in the subset. 
There are 0 failures in the subset.
 * * *
Loading and working with: data/data_Q4_2016/
There are 0 unique drives in the subset. 
There are 0 failures in the subset.
There are 7 unique drives in the complete set. 
There are 1 failures in the complete set.
 ### ### ### ### ### ### ### ### ### ### #### ### ###
Working with: ST2000VN000
Elapsed time: 25190.7 seconds
 * * *
Loading and working with: data/2014/
There are 5 unique drives in the subset. 
There are 0 failures in the subset.
 * * *
Loading and working with: data/2015/
There are 10 unique drives in the subset. 
There are 2 failures in the subset.
 * * *
Loading and working with: data/data_Q1_2016/
There are 6 unique drives in the subset. 
There are 0 failures in the subset.
 * * *
Loading and working with: data/data_Q2_2016/
There are 6 unique drives in the subset. 
There are 0 failures in the subset.
 * * *
Loading and working with: data/data_Q3_2016/
There are 5 unique drives in the subset. 
There are 0 failures in the subset.
 * * *
Loading and working with: data/data_Q4_2016/
There are 0 unique drives in the subset. 
There are 0 failures in the subset.
There are 10 unique drives in the complete set. 
There are 2 failures in the complete set.
 ### ### ### ### ### ### ### ### ### ### #### ### ###
Working with: ST250LM004 HN
Elapsed time: 26717.1 seconds
 * * *
Loading and working with: data/2014/
There are 38 unique drives in the subset. 
There are 1 failures in the subset.
 * * *
Loading and working with: data/2015/
There are 38 unique drives in the subset. 
There are 6 failures in the subset.
 * * *
Loading and working with: data/data_Q1_2016/
There are 35 unique drives in the subset. 
There are 0 failures in the subset.
 * * *
Loading and working with: data/data_Q2_2016/
There are 34 unique drives in the subset. 
There are 2 failures in the subset.
 * * *
Loading and working with: data/data_Q3_2016/
There are 32 unique drives in the subset. 
There are 1 failures in the subset.
 * * *
Loading and working with: data/data_Q4_2016/
There are 31 unique drives in the subset. 
There are 0 failures in the subset.
There are 39 unique drives in the complete set. 
There are 10 failures in the complete set.
 ### ### ### ### ### ### ### ### ### ### #### ### ###
Working with: ST250LT007
Elapsed time: 28253.7 seconds
 * * *
Loading and working with: data/2014/
There are 9 unique drives in the subset. 
There are 4 failures in the subset.
 * * *
Loading and working with: data/2015/
There are 4 unique drives in the subset. 
There are 1 failures in the subset.
 * * *
Loading and working with: data/data_Q1_2016/
There are 4 unique drives in the subset. 
There are 2 failures in the subset.
 * * *
Loading and working with: data/data_Q2_2016/
There are 2 unique drives in the subset. 
There are 2 failures in the subset.
 * * *
Loading and working with: data/data_Q3_2016/
There are 0 unique drives in the subset. 
There are 0 failures in the subset.
 * * *
Loading and working with: data/data_Q4_2016/
There are 0 unique drives in the subset. 
There are 0 failures in the subset.
There are 9 unique drives in the complete set. 
There are 9 failures in the complete set.
 ### ### ### ### ### ### ### ### ### ### #### ### ###
Working with: ST3000DM001
Elapsed time: 29352.0 seconds
 * * *
Loading and working with: data/2014/
There are 4350 unique drives in the subset. 
There are 1348 failures in the subset.
 * * *
Loading and working with: data/2015/
There are 1168 unique drives in the subset. 
There are 106 failures in the subset.
 * * *
Loading and working with: data/data_Q1_2016/
There are 0 unique drives in the subset. 
There are 0 failures in the subset.
 * * *
Loading and working with: data/data_Q2_2016/
There are 0 unique drives in the subset. 
There are 0 failures in the subset.
 * * *
Loading and working with: data/data_Q3_2016/
There are 0 unique drives in the subset. 
There are 0 failures in the subset.
 * * *
Loading and working with: data/data_Q4_2016/
There are 0 unique drives in the subset. 
There are 0 failures in the subset.
There are 4354 unique drives in the complete set. 
There are 1454 failures in the complete set.
 ### ### ### ### ### ### ### ### ### ### #### ### ###
Working with: ST31500341AS
Elapsed time: 30484.2 seconds
 * * *
Loading and working with: data/2014/
There are 574 unique drives in the subset. 
There are 91 failures in the subset.
 * * *
Loading and working with: data/2015/
There are 307 unique drives in the subset. 
There are 34 failures in the subset.
 * * *
Loading and working with: data/data_Q1_2016/
There are 1 unique drives in the subset. 
There are 0 failures in the subset.
 * * *
Loading and working with: data/data_Q2_2016/
There are 0 unique drives in the subset. 
There are 0 failures in the subset.
 * * *
Loading and working with: data/data_Q3_2016/
There are 0 unique drives in the subset. 
There are 0 failures in the subset.
 * * *
Loading and working with: data/data_Q4_2016/
There are 0 unique drives in the subset. 
There are 0 failures in the subset.
There are 574 unique drives in the complete set. 
There are 125 failures in the complete set.
 ### ### ### ### ### ### ### ### ### ### #### ### ###
Working with: ST31500541AS
Elapsed time: 31580.4 seconds
 * * *
Loading and working with: data/2014/
There are 1949 unique drives in the subset. 
There are 162 failures in the subset.
 * * *
Loading and working with: data/2015/
There are 1693 unique drives in the subset. 
There are 109 failures in the subset.
 * * *
Loading and working with: data/data_Q1_2016/
There are 222 unique drives in the subset. 
There are 0 failures in the subset.
 * * *
Loading and working with: data/data_Q2_2016/
There are 45 unique drives in the subset. 
There are 0 failures in the subset.
 * * *
Loading and working with: data/data_Q3_2016/
There are 44 unique drives in the subset. 
There are 3 failures in the subset.
 * * *
Loading and working with: data/data_Q4_2016/
There are 41 unique drives in the subset. 
There are 0 failures in the subset.
There are 1970 unique drives in the complete set. 
There are 274 failures in the complete set.
 ### ### ### ### ### ### ### ### ### ### #### ### ###
Working with: ST3160316AS
Elapsed time: 32692.3 seconds
 * * *
Loading and working with: data/2014/
There are 64 unique drives in the subset. 
There are 4 failures in the subset.
 * * *
Loading and working with: data/2015/
There are 57 unique drives in the subset. 
There are 6 failures in the subset.
 * * *
Loading and working with: data/data_Q1_2016/
There are 52 unique drives in the subset. 
There are 1 failures in the subset.
 * * *
Loading and working with: data/data_Q2_2016/
There are 52 unique drives in the subset. 
There are 1 failures in the subset.
 * * *
Loading and working with: data/data_Q3_2016/
There are 51 unique drives in the subset. 
There are 0 failures in the subset.
 * * *
Loading and working with: data/data_Q4_2016/
There are 40 unique drives in the subset. 
There are 0 failures in the subset.
There are 64 unique drives in the complete set. 
There are 12 failures in the complete set.
 ### ### ### ### ### ### ### ### ### ### #### ### ###
Working with: ST3160318AS
Elapsed time: 33780.7 seconds
 * * *
Loading and working with: data/2014/
There are 53 unique drives in the subset. 
There are 4 failures in the subset.
 * * *
Loading and working with: data/2015/
There are 50 unique drives in the subset. 
There are 5 failures in the subset.
 * * *
Loading and working with: data/data_Q1_2016/
There are 47 unique drives in the subset. 
There are 2 failures in the subset.
 * * *
Loading and working with: data/data_Q2_2016/
There are 45 unique drives in the subset. 
There are 4 failures in the subset.
 * * *
Loading and working with: data/data_Q3_2016/
There are 40 unique drives in the subset. 
There are 0 failures in the subset.
 * * *
Loading and working with: data/data_Q4_2016/
There are 16 unique drives in the subset. 
There are 0 failures in the subset.
There are 53 unique drives in the complete set. 
There are 15 failures in the complete set.
 ### ### ### ### ### ### ### ### ### ### #### ### ###
Working with: ST32000542AS
Elapsed time: 35088.0 seconds
 * * *
Loading and working with: data/2014/
There are 292 unique drives in the subset. 
There are 18 failures in the subset.
 * * *
Loading and working with: data/2015/
There are 83 unique drives in the subset. 
There are 1 failures in the subset.
 * * *
Loading and working with: data/data_Q1_2016/
There are 0 unique drives in the subset. 
There are 0 failures in the subset.
 * * *
Loading and working with: data/data_Q2_2016/
There are 0 unique drives in the subset. 
There are 0 failures in the subset.
 * * *
Loading and working with: data/data_Q3_2016/
There are 0 unique drives in the subset. 
There are 0 failures in the subset.
 * * *
Loading and working with: data/data_Q4_2016/
There are 0 unique drives in the subset. 
There are 0 failures in the subset.
There are 294 unique drives in the complete set. 
There are 19 failures in the complete set.
 ### ### ### ### ### ### ### ### ### ### #### ### ###
Working with: ST320005XXXX
Elapsed time: 36384.2 seconds
 * * *
Loading and working with: data/2014/
There are 15 unique drives in the subset. 
There are 5 failures in the subset.
 * * *
Loading and working with: data/2015/
There are 2 unique drives in the subset. 
There are 1 failures in the subset.
 * * *
Loading and working with: data/data_Q1_2016/
There are 0 unique drives in the subset. 
There are 0 failures in the subset.
 * * *
Loading and working with: data/data_Q2_2016/
There are 0 unique drives in the subset. 
There are 0 failures in the subset.
 * * *
Loading and working with: data/data_Q3_2016/
There are 0 unique drives in the subset. 
There are 0 failures in the subset.
 * * *
Loading and working with: data/data_Q4_2016/
There are 0 unique drives in the subset. 
There are 0 failures in the subset.
There are 16 unique drives in the complete set. 
There are 6 failures in the complete set.
 ### ### ### ### ### ### ### ### ### ### #### ### ###
Working with: ST320LT007
Elapsed time: 37953.5 seconds
 * * *
Loading and working with: data/2014/
There are 95 unique drives in the subset. 
There are 10 failures in the subset.
 * * *
Loading and working with: data/2015/
There are 86 unique drives in the subset. 
There are 16 failures in the subset.
 * * *
Loading and working with: data/data_Q1_2016/
There are 73 unique drives in the subset. 
There are 31 failures in the subset.
 * * *
Loading and working with: data/data_Q2_2016/
There are 42 unique drives in the subset. 
There are 30 failures in the subset.
 * * *
Loading and working with: data/data_Q3_2016/
There are 11 unique drives in the subset. 
There are 1 failures in the subset.
 * * *
Loading and working with: data/data_Q4_2016/
There are 10 unique drives in the subset. 
There are 1 failures in the subset.
There are 96 unique drives in the complete set. 
There are 89 failures in the complete set.
 ### ### ### ### ### ### ### ### ### ### #### ### ###
Working with: ST33000651AS
Elapsed time: 39562.2 seconds
 * * *
Loading and working with: data/2014/
There are 334 unique drives in the subset. 
There are 14 failures in the subset.
 * * *
Loading and working with: data/2015/
There are 279 unique drives in the subset. 
There are 5 failures in the subset.
 * * *
Loading and working with: data/data_Q1_2016/
There are 0 unique drives in the subset. 
There are 0 failures in the subset.
 * * *
Loading and working with: data/data_Q2_2016/
There are 0 unique drives in the subset. 
There are 0 failures in the subset.
 * * *
Loading and working with: data/data_Q3_2016/
There are 1 unique drives in the subset. 
There are 0 failures in the subset.
 * * *
Loading and working with: data/data_Q4_2016/
There are 1 unique drives in the subset. 
There are 0 failures in the subset.
There are 334 unique drives in the complete set. 
There are 19 failures in the complete set.
 ### ### ### ### ### ### ### ### ### ### #### ### ###
Working with: ST3500320AS
Elapsed time: 41162.4 seconds
 * * *
Loading and working with: data/2014/
There are 1 unique drives in the subset. 
There are 0 failures in the subset.
 * * *
Loading and working with: data/2015/
There are 1 unique drives in the subset. 
There are 0 failures in the subset.
 * * *
Loading and working with: data/data_Q1_2016/
There are 1 unique drives in the subset. 
There are 0 failures in the subset.
 * * *
Loading and working with: data/data_Q2_2016/
There are 1 unique drives in the subset. 
There are 0 failures in the subset.
 * * *
Loading and working with: data/data_Q3_2016/
There are 1 unique drives in the subset. 
There are 0 failures in the subset.
 * * *
Loading and working with: data/data_Q4_2016/
There are 1 unique drives in the subset. 
There are 0 failures in the subset.
There are 1 unique drives in the complete set. 
There are 0 failures in the complete set.
 ### ### ### ### ### ### ### ### ### ### #### ### ###
Working with: ST4000DM000
Elapsed time: 42701.2 seconds
 * * *
Loading and working with: data/2014/
There are 12920 unique drives in the subset. 
There are 238 failures in the subset.
 * * *
Loading and working with: data/2015/
There are 29670 unique drives in the subset. 
There are 586 failures in the subset.
 * * *
Loading and working with: data/data_Q1_2016/
There are 34988 unique drives in the subset. 
There are 200 failures in the subset.
 * * *
Loading and working with: data/data_Q2_2016/
There are 34965 unique drives in the subset. 
There are 228 failures in the subset.
 * * *
Loading and working with: data/data_Q3_2016/
There are 35022 unique drives in the subset. 
There are 278 failures in the subset.
 * * *
Loading and working with: data/data_Q4_2016/
There are 34970 unique drives in the subset. 
There are 234 failures in the subset.
There are 36498 unique drives in the complete set. 
There are 1764 failures in the complete set.
 ### ### ### ### ### ### ### ### ### ### #### ### ###
Working with: ST4000DX000
Elapsed time: 44002.0 seconds
 * * *
Loading and working with: data/2014/
There are 179 unique drives in the subset. 
There are 2 failures in the subset.
 * * *
Loading and working with: data/2015/
There are 219 unique drives in the subset. 
There are 7 failures in the subset.
 * * *
Loading and working with: data/data_Q1_2016/
There are 212 unique drives in the subset. 
There are 5 failures in the subset.
 * * *
Loading and working with: data/data_Q2_2016/
There are 207 unique drives in the subset. 
There are 10 failures in the subset.
 * * *
Loading and working with: data/data_Q3_2016/
There are 197 unique drives in the subset. 
There are 5 failures in the subset.
 * * *
Loading and working with: data/data_Q4_2016/
There are 192 unique drives in the subset. 
There are 7 failures in the subset.
There are 221 unique drives in the complete set. 
There are 36 failures in the complete set.
 ### ### ### ### ### ### ### ### ### ### #### ### ###
Working with: ST4000DX002
Elapsed time: 45390.9 seconds
 * * *
Loading and working with: data/2014/
There are 0 unique drives in the subset. 
There are 0 failures in the subset.
 * * *
Loading and working with: data/2015/
There are 0 unique drives in the subset. 
There are 0 failures in the subset.
 * * *
Loading and working with: data/data_Q1_2016/
There are 2 unique drives in the subset. 
There are 0 failures in the subset.
 * * *
Loading and working with: data/data_Q2_2016/
There are 2 unique drives in the subset. 
There are 0 failures in the subset.
 * * *
Loading and working with: data/data_Q3_2016/
There are 2 unique drives in the subset. 
There are 0 failures in the subset.
 * * *
Loading and working with: data/data_Q4_2016/
There are 3 unique drives in the subset. 
There are 0 failures in the subset.
There are 3 unique drives in the complete set. 
There are 0 failures in the complete set.
 ### ### ### ### ### ### ### ### ### ### #### ### ###
Working with: ST500LM012 HN
Elapsed time: 46858.5 seconds
 * * *
Loading and working with: data/2014/
There are 186 unique drives in the subset. 
There are 1 failures in the subset.
 * * *
Loading and working with: data/2015/
There are 519 unique drives in the subset. 
There are 21 failures in the subset.
 * * *
Loading and working with: data/data_Q1_2016/
There are 653 unique drives in the subset. 
There are 2 failures in the subset.
 * * *
Loading and working with: data/data_Q2_2016/
There are 796 unique drives in the subset. 
There are 2 failures in the subset.
 * * *
Loading and working with: data/data_Q3_2016/
There are 795 unique drives in the subset. 
There are 0 failures in the subset.
 * * *
Loading and working with: data/data_Q4_2016/
There are 789 unique drives in the subset. 
There are 4 failures in the subset.
There are 806 unique drives in the complete set. 
There are 30 failures in the complete set.
 ### ### ### ### ### ### ### ### ### ### #### ### ###
Working with: ST6000DM001
Elapsed time: 48076.8 seconds
 * * *
Loading and working with: data/2014/
There are 0 unique drives in the subset. 
There are 0 failures in the subset.
 * * *
Loading and working with: data/2015/
There are 0 unique drives in the subset. 
There are 0 failures in the subset.
 * * *
Loading and working with: data/data_Q1_2016/
There are 0 unique drives in the subset. 
There are 0 failures in the subset.
 * * *
Loading and working with: data/data_Q2_2016/
There are 0 unique drives in the subset. 
There are 0 failures in the subset.
 * * *
Loading and working with: data/data_Q3_2016/
There are 1 unique drives in the subset. 
There are 0 failures in the subset.
 * * *
Loading and working with: data/data_Q4_2016/
There are 5 unique drives in the subset. 
There are 0 failures in the subset.
There are 5 unique drives in the complete set. 
There are 0 failures in the complete set.
 ### ### ### ### ### ### ### ### ### ### #### ### ###
Working with: ST6000DX000
Elapsed time: 49194.1 seconds
 * * *
Loading and working with: data/2014/
There are 45 unique drives in the subset. 
There are 0 failures in the subset.
 * * *
Loading and working with: data/2015/
There are 1909 unique drives in the subset. 
There are 31 failures in the subset.
 * * *
Loading and working with: data/data_Q1_2016/
There are 1882 unique drives in the subset. 
There are 0 failures in the subset.
 * * *
Loading and working with: data/data_Q2_2016/
There are 1888 unique drives in the subset. 
There are 5 failures in the subset.
 * * *
Loading and working with: data/data_Q3_2016/
There are 1891 unique drives in the subset. 
There are 3 failures in the subset.
 * * *
Loading and working with: data/data_Q4_2016/
There are 1897 unique drives in the subset. 
There are 8 failures in the subset.
There are 1932 unique drives in the complete set. 
There are 47 failures in the complete set.
 ### ### ### ### ### ### ### ### ### ### #### ### ###
Working with: ST8000DM002
Elapsed time: 50283.0 seconds
 * * *
Loading and working with: data/2014/
There are 0 unique drives in the subset. 
There are 0 failures in the subset.
 * * *
Loading and working with: data/2015/
There are 0 unique drives in the subset. 
There are 0 failures in the subset.
 * * *
Loading and working with: data/data_Q1_2016/
There are 0 unique drives in the subset. 
There are 0 failures in the subset.
 * * *
Loading and working with: data/data_Q2_2016/
There are 2754 unique drives in the subset. 
There are 3 failures in the subset.
 * * *
Loading and working with: data/data_Q3_2016/
There are 5135 unique drives in the subset. 
There are 15 failures in the subset.
 * * *
Loading and working with: data/data_Q4_2016/
There are 8689 unique drives in the subset. 
There are 30 failures in the subset.
There are 8715 unique drives in the complete set. 
There are 48 failures in the complete set.
 ### ### ### ### ### ### ### ### ### ### #### ### ###
Working with: ST8000NM0055
Elapsed time: 51437.8 seconds
 * * *
Loading and working with: data/2014/
There are 0 unique drives in the subset. 
There are 0 failures in the subset.
 * * *
Loading and working with: data/2015/
There are 0 unique drives in the subset. 
There are 0 failures in the subset.
 * * *
Loading and working with: data/data_Q1_2016/
There are 0 unique drives in the subset. 
There are 0 failures in the subset.
 * * *
Loading and working with: data/data_Q2_2016/
There are 0 unique drives in the subset. 
There are 0 failures in the subset.
 * * *
Loading and working with: data/data_Q3_2016/
There are 0 unique drives in the subset. 
There are 0 failures in the subset.
 * * *
Loading and working with: data/data_Q4_2016/
There are 60 unique drives in the subset. 
There are 0 failures in the subset.
There are 60 unique drives in the complete set. 
There are 0 failures in the complete set.
 ### ### ### ### ### ### ### ### ### ### #### ### ###
Working with: ST9250315AS
Elapsed time: 52249.4 seconds
 * * *
Loading and working with: data/2014/
There are 64 unique drives in the subset. 
There are 2 failures in the subset.
 * * *
Loading and working with: data/2015/
There are 62 unique drives in the subset. 
There are 11 failures in the subset.
 * * *
Loading and working with: data/data_Q1_2016/
There are 56 unique drives in the subset. 
There are 2 failures in the subset.
 * * *
Loading and working with: data/data_Q2_2016/
There are 54 unique drives in the subset. 
There are 1 failures in the subset.
 * * *
Loading and working with: data/data_Q3_2016/
There are 53 unique drives in the subset. 
There are 0 failures in the subset.
 * * *
Loading and working with: data/data_Q4_2016/
There are 52 unique drives in the subset. 
There are 0 failures in the subset.
There are 64 unique drives in the complete set. 
There are 16 failures in the complete set.
 ### ### ### ### ### ### ### ### ### ### #### ### ###
Working with: ST9320325AS
Elapsed time: 53081.6 seconds
 * * *
Loading and working with: data/2014/
There are 25 unique drives in the subset. 
There are 1 failures in the subset.
 * * *
Loading and working with: data/2015/
There are 24 unique drives in the subset. 
There are 1 failures in the subset.
 * * *
Loading and working with: data/data_Q1_2016/
There are 23 unique drives in the subset. 
There are 0 failures in the subset.
 * * *
Loading and working with: data/data_Q2_2016/
There are 24 unique drives in the subset. 
There are 1 failures in the subset.
 * * *
Loading and working with: data/data_Q3_2016/
There are 23 unique drives in the subset. 
There are 0 failures in the subset.
 * * *
Loading and working with: data/data_Q4_2016/
There are 23 unique drives in the subset. 
There are 0 failures in the subset.
There are 25 unique drives in the complete set. 
There are 3 failures in the complete set.
 ### ### ### ### ### ### ### ### ### ### #### ### ###
Working with: TOSHIBA DT01ACA300
Elapsed time: 53908.5 seconds
 * * *
Loading and working with: data/2014/
There are 58 unique drives in the subset. 
There are 2 failures in the subset.
 * * *
Loading and working with: data/2015/
There are 53 unique drives in the subset. 
There are 1 failures in the subset.
 * * *
Loading and working with: data/data_Q1_2016/
There are 48 unique drives in the subset. 
There are 1 failures in the subset.
 * * *
Loading and working with: data/data_Q2_2016/
There are 47 unique drives in the subset. 
There are 1 failures in the subset.
 * * *
Loading and working with: data/data_Q3_2016/
There are 46 unique drives in the subset. 
There are 0 failures in the subset.
 * * *
Loading and working with: data/data_Q4_2016/
There are 46 unique drives in the subset. 
There are 0 failures in the subset.
There are 58 unique drives in the complete set. 
There are 5 failures in the complete set.
 ### ### ### ### ### ### ### ### ### ### #### ### ###
Working with: TOSHIBA MD04ABA400V
Elapsed time: 54727.9 seconds
 * * *
Loading and working with: data/2014/
There are 0 unique drives in the subset. 
There are 0 failures in the subset.
 * * *
Loading and working with: data/2015/
There are 148 unique drives in the subset. 
There are 3 failures in the subset.
 * * *
Loading and working with: data/data_Q1_2016/
There are 146 unique drives in the subset. 
There are 0 failures in the subset.
 * * *
Loading and working with: data/data_Q2_2016/
There are 146 unique drives in the subset. 
There are 0 failures in the subset.
 * * *
Loading and working with: data/data_Q3_2016/
There are 146 unique drives in the subset. 
There are 0 failures in the subset.
 * * *
Loading and working with: data/data_Q4_2016/
There are 146 unique drives in the subset. 
There are 0 failures in the subset.
There are 149 unique drives in the complete set. 
There are 3 failures in the complete set.
 ### ### ### ### ### ### ### ### ### ### #### ### ###
Working with: TOSHIBA MD04ABA500V
Elapsed time: 55558.8 seconds
 * * *
Loading and working with: data/2014/
There are 0 unique drives in the subset. 
There are 0 failures in the subset.
 * * *
Loading and working with: data/2015/
There are 46 unique drives in the subset. 
There are 1 failures in the subset.
 * * *
Loading and working with: data/data_Q1_2016/
There are 45 unique drives in the subset. 
There are 0 failures in the subset.
 * * *
Loading and working with: data/data_Q2_2016/
There are 46 unique drives in the subset. 
There are 1 failures in the subset.
 * * *
Loading and working with: data/data_Q3_2016/
There are 45 unique drives in the subset. 
There are 0 failures in the subset.
 * * *
Loading and working with: data/data_Q4_2016/
There are 45 unique drives in the subset. 
There are 0 failures in the subset.
There are 47 unique drives in the complete set. 
There are 2 failures in the complete set.
 ### ### ### ### ### ### ### ### ### ### #### ### ###
Working with: TOSHIBA MQ01ABF050
Elapsed time: 56398.1 seconds
 * * *
Loading and working with: data/2014/
There are 0 unique drives in the subset. 
There are 0 failures in the subset.
 * * *
Loading and working with: data/2015/
There are 0 unique drives in the subset. 
There are 0 failures in the subset.
 * * *
Loading and working with: data/data_Q1_2016/
There are 0 unique drives in the subset. 
There are 0 failures in the subset.
 * * *
Loading and working with: data/data_Q2_2016/
There are 23 unique drives in the subset. 
There are 0 failures in the subset.
 * * *
Loading and working with: data/data_Q3_2016/
There are 58 unique drives in the subset. 
There are 0 failures in the subset.
 * * *
Loading and working with: data/data_Q4_2016/
There are 99 unique drives in the subset. 
There are 0 failures in the subset.
There are 99 unique drives in the complete set. 
There are 0 failures in the complete set.
 ### ### ### ### ### ### ### ### ### ### #### ### ###
Working with: WDC WD1000FYPS
Elapsed time: 57236.6 seconds
 * * *
Loading and working with: data/2014/
There are 0 unique drives in the subset. 
There are 0 failures in the subset.
 * * *
Loading and working with: data/2015/
There are 0 unique drives in the subset. 
There are 0 failures in the subset.
 * * *
Loading and working with: data/data_Q1_2016/
There are 0 unique drives in the subset. 
There are 0 failures in the subset.
 * * *
Loading and working with: data/data_Q2_2016/
There are 0 unique drives in the subset. 
There are 0 failures in the subset.
 * * *
Loading and working with: data/data_Q3_2016/
There are 1 unique drives in the subset. 
There are 0 failures in the subset.
 * * *
Loading and working with: data/data_Q4_2016/
There are 1 unique drives in the subset. 
There are 0 failures in the subset.
There are 1 unique drives in the complete set. 
There are 0 failures in the complete set.
 ### ### ### ### ### ### ### ### ### ### #### ### ###
Working with: WDC WD1001FALS
Elapsed time: 58079.4 seconds
 * * *
Loading and working with: data/2014/
There are 2 unique drives in the subset. 
There are 0 failures in the subset.
 * * *
Loading and working with: data/2015/
There are 2 unique drives in the subset. 
There are 0 failures in the subset.
 * * *
Loading and working with: data/data_Q1_2016/
There are 1 unique drives in the subset. 
There are 0 failures in the subset.
 * * *
Loading and working with: data/data_Q2_2016/
There are 1 unique drives in the subset. 
There are 0 failures in the subset.
 * * *
Loading and working with: data/data_Q3_2016/
There are 1 unique drives in the subset. 
There are 0 failures in the subset.
 * * *
Loading and working with: data/data_Q4_2016/
There are 1 unique drives in the subset. 
There are 0 failures in the subset.
There are 2 unique drives in the complete set. 
There are 0 failures in the complete set.
 ### ### ### ### ### ### ### ### ### ### #### ### ###
Working with: WDC WD10EACS
Elapsed time: 58938.4 seconds
 * * *
Loading and working with: data/2014/
There are 109 unique drives in the subset. 
There are 4 failures in the subset.
 * * *
Loading and working with: data/2015/
There are 97 unique drives in the subset. 
There are 2 failures in the subset.
 * * *
Loading and working with: data/data_Q1_2016/
There are 43 unique drives in the subset. 
There are 1 failures in the subset.
 * * *
Loading and working with: data/data_Q2_2016/
There are 47 unique drives in the subset. 
There are 0 failures in the subset.
 * * *
Loading and working with: data/data_Q3_2016/
There are 35 unique drives in the subset. 
There are 0 failures in the subset.
 * * *
Loading and working with: data/data_Q4_2016/
There are 23 unique drives in the subset. 
There are 0 failures in the subset.
There are 109 unique drives in the complete set. 
There are 7 failures in the complete set.
 ### ### ### ### ### ### ### ### ### ### #### ### ###
Working with: WDC WD10EADS
Elapsed time: 59796.1 seconds
 * * *
Loading and working with: data/2014/
There are 535 unique drives in the subset. 
There are 18 failures in the subset.
 * * *
Loading and working with: data/2015/
There are 491 unique drives in the subset. 
There are 27 failures in the subset.
 * * *
Loading and working with: data/data_Q1_2016/
There are 239 unique drives in the subset. 
There are 6 failures in the subset.
 * * *
Loading and working with: data/data_Q2_2016/
There are 185 unique drives in the subset. 
There are 1 failures in the subset.
 * * *
Loading and working with: data/data_Q3_2016/
There are 173 unique drives in the subset. 
There are 0 failures in the subset.
 * * *
Loading and working with: data/data_Q4_2016/
There are 131 unique drives in the subset. 
There are 0 failures in the subset.
There are 535 unique drives in the complete set. 
There are 52 failures in the complete set.
 ### ### ### ### ### ### ### ### ### ### #### ### ###
Working with: WDC WD10EADX
Elapsed time: 60648.4 seconds
 * * *
Loading and working with: data/2014/
There are 29 unique drives in the subset. 
There are 1 failures in the subset.
 * * *
Loading and working with: data/2015/
There are 25 unique drives in the subset. 
There are 3 failures in the subset.
 * * *
Loading and working with: data/data_Q1_2016/
There are 10 unique drives in the subset. 
There are 0 failures in the subset.
 * * *
Loading and working with: data/data_Q2_2016/
There are 7 unique drives in the subset. 
There are 0 failures in the subset.
 * * *
Loading and working with: data/data_Q3_2016/
There are 7 unique drives in the subset. 
There are 0 failures in the subset.
 * * *
Loading and working with: data/data_Q4_2016/
There are 7 unique drives in the subset. 
There are 0 failures in the subset.
There are 29 unique drives in the complete set. 
There are 4 failures in the complete set.
 ### ### ### ### ### ### ### ### ### ### #### ### ###
Working with: WDC WD10EALS
Elapsed time: 61493.9 seconds
 * * *
Loading and working with: data/2014/
There are 1 unique drives in the subset. 
There are 0 failures in the subset.
 * * *
Loading and working with: data/2015/
There are 0 unique drives in the subset. 
There are 0 failures in the subset.
 * * *
Loading and working with: data/data_Q1_2016/
There are 1 unique drives in the subset. 
There are 0 failures in the subset.
 * * *
Loading and working with: data/data_Q2_2016/
There are 1 unique drives in the subset. 
There are 0 failures in the subset.
 * * *
Loading and working with: data/data_Q3_2016/
There are 1 unique drives in the subset. 
There are 0 failures in the subset.
 * * *
Loading and working with: data/data_Q4_2016/
There are 1 unique drives in the subset. 
There are 0 failures in the subset.
There are 1 unique drives in the complete set. 
There are 0 failures in the complete set.
 ### ### ### ### ### ### ### ### ### ### #### ### ###
Working with: WDC WD10EARS
Elapsed time: 62337.3 seconds
 * * *
Loading and working with: data/2014/
There are 5 unique drives in the subset. 
There are 0 failures in the subset.
 * * *
Loading and working with: data/2015/
There are 5 unique drives in the subset. 
There are 0 failures in the subset.
 * * *
Loading and working with: data/data_Q1_2016/
There are 2 unique drives in the subset. 
There are 0 failures in the subset.
 * * *
Loading and working with: data/data_Q2_2016/
There are 1 unique drives in the subset. 
There are 0 failures in the subset.
 * * *
Loading and working with: data/data_Q3_2016/
There are 2 unique drives in the subset. 
There are 0 failures in the subset.
 * * *
Loading and working with: data/data_Q4_2016/
There are 2 unique drives in the subset. 
There are 0 failures in the subset.
There are 5 unique drives in the complete set. 
There are 0 failures in the complete set.
 ### ### ### ### ### ### ### ### ### ### #### ### ###
Working with: WDC WD10EARX
Elapsed time: 63175.9 seconds
 * * *
Loading and working with: data/2014/
There are 3 unique drives in the subset. 
There are 0 failures in the subset.
 * * *
Loading and working with: data/2015/
There are 3 unique drives in the subset. 
There are 0 failures in the subset.
 * * *
Loading and working with: data/data_Q1_2016/
There are 2 unique drives in the subset. 
There are 0 failures in the subset.
 * * *
Loading and working with: data/data_Q2_2016/
There are 0 unique drives in the subset. 
There are 0 failures in the subset.
 * * *
Loading and working with: data/data_Q3_2016/
There are 1 unique drives in the subset. 
There are 0 failures in the subset.
 * * *
Loading and working with: data/data_Q4_2016/
There are 0 unique drives in the subset. 
There are 0 failures in the subset.
There are 3 unique drives in the complete set. 
There are 0 failures in the complete set.
 ### ### ### ### ### ### ### ### ### ### #### ### ###
Working with: WDC WD15EARS
Elapsed time: 64047.5 seconds
 * * *
Loading and working with: data/2014/
There are 2 unique drives in the subset. 
There are 0 failures in the subset.
 * * *
Loading and working with: data/2015/
There are 1 unique drives in the subset. 
There are 0 failures in the subset.
 * * *
Loading and working with: data/data_Q1_2016/
There are 1 unique drives in the subset. 
There are 0 failures in the subset.
 * * *
Loading and working with: data/data_Q2_2016/
There are 1 unique drives in the subset. 
There are 0 failures in the subset.
 * * *
Loading and working with: data/data_Q3_2016/
There are 1 unique drives in the subset. 
There are 0 failures in the subset.
 * * *
Loading and working with: data/data_Q4_2016/
There are 0 unique drives in the subset. 
There are 0 failures in the subset.
There are 2 unique drives in the complete set. 
There are 0 failures in the complete set.
 ### ### ### ### ### ### ### ### ### ### #### ### ###
Working with: WDC WD1600AAJB
Elapsed time: 64909.6 seconds
 * * *
Loading and working with: data/2014/
There are 9 unique drives in the subset. 
There are 1 failures in the subset.
 * * *
Loading and working with: data/2015/
There are 8 unique drives in the subset. 
There are 1 failures in the subset.
 * * *
Loading and working with: data/data_Q1_2016/
There are 6 unique drives in the subset. 
There are 2 failures in the subset.
 * * *
Loading and working with: data/data_Q2_2016/
There are 4 unique drives in the subset. 
There are 2 failures in the subset.
 * * *
Loading and working with: data/data_Q3_2016/
There are 0 unique drives in the subset. 
There are 0 failures in the subset.
 * * *
Loading and working with: data/data_Q4_2016/
There are 0 unique drives in the subset. 
There are 0 failures in the subset.
There are 9 unique drives in the complete set. 
There are 6 failures in the complete set.
 ### ### ### ### ### ### ### ### ### ### #### ### ###
Working with: WDC WD1600AAJS
Elapsed time: 65746.8 seconds
 * * *
Loading and working with: data/2014/
There are 122 unique drives in the subset. 
There are 5 failures in the subset.
 * * *
Loading and working with: data/2015/
There are 106 unique drives in the subset. 
There are 7 failures in the subset.
 * * *
Loading and working with: data/data_Q1_2016/
There are 100 unique drives in the subset. 
There are 0 failures in the subset.
 * * *
Loading and working with: data/data_Q2_2016/
There are 100 unique drives in the subset. 
There are 4 failures in the subset.
 * * *
Loading and working with: data/data_Q3_2016/
There are 97 unique drives in the subset. 
There are 2 failures in the subset.
 * * *
Loading and working with: data/data_Q4_2016/
There are 87 unique drives in the subset. 
There are 1 failures in the subset.
There are 124 unique drives in the complete set. 
There are 19 failures in the complete set.
 ### ### ### ### ### ### ### ### ### ### #### ### ###
Working with: WDC WD1600BPVT
Elapsed time: 66580.9 seconds
 * * *
Loading and working with: data/2014/
There are 4 unique drives in the subset. 
There are 2 failures in the subset.
 * * *
Loading and working with: data/2015/
There are 2 unique drives in the subset. 
There are 1 failures in the subset.
 * * *
Loading and working with: data/data_Q1_2016/
There are 2 unique drives in the subset. 
There are 1 failures in the subset.
 * * *
Loading and working with: data/data_Q2_2016/
There are 1 unique drives in the subset. 
There are 0 failures in the subset.
 * * *
Loading and working with: data/data_Q3_2016/
There are 1 unique drives in the subset. 
There are 0 failures in the subset.
 * * *
Loading and working with: data/data_Q4_2016/
There are 1 unique drives in the subset. 
There are 0 failures in the subset.
There are 4 unique drives in the complete set. 
There are 4 failures in the complete set.
 ### ### ### ### ### ### ### ### ### ### #### ### ###
Working with: WDC WD20EFRX
Elapsed time: 67593.9 seconds
 * * *
Loading and working with: data/2014/
There are 31 unique drives in the subset. 
There are 2 failures in the subset.
 * * *
Loading and working with: data/2015/
There are 141 unique drives in the subset. 
There are 7 failures in the subset.
 * * *
Loading and working with: data/data_Q1_2016/
There are 141 unique drives in the subset. 
There are 4 failures in the subset.
 * * *
Loading and working with: data/data_Q2_2016/
There are 151 unique drives in the subset. 
There are 2 failures in the subset.
 * * *
Loading and working with: data/data_Q3_2016/
There are 138 unique drives in the subset. 
There are 0 failures in the subset.
 * * *
Loading and working with: data/data_Q4_2016/
There are 3 unique drives in the subset. 
There are 0 failures in the subset.
There are 167 unique drives in the complete set. 
There are 15 failures in the complete set.
 ### ### ### ### ### ### ### ### ### ### #### ### ###
Working with: WDC WD2500AAJB
Elapsed time: 68598.6 seconds
 * * *
Loading and working with: data/2014/
There are 2 unique drives in the subset. 
There are 1 failures in the subset.
 * * *
Loading and working with: data/2015/
There are 1 unique drives in the subset. 
There are 0 failures in the subset.
 * * *
Loading and working with: data/data_Q1_2016/
There are 1 unique drives in the subset. 
There are 0 failures in the subset.
 * * *
Loading and working with: data/data_Q2_2016/
There are 1 unique drives in the subset. 
There are 0 failures in the subset.
 * * *
Loading and working with: data/data_Q3_2016/
There are 0 unique drives in the subset. 
There are 0 failures in the subset.
 * * *
Loading and working with: data/data_Q4_2016/
There are 0 unique drives in the subset. 
There are 0 failures in the subset.
There are 2 unique drives in the complete set. 
There are 1 failures in the complete set.
 ### ### ### ### ### ### ### ### ### ### #### ### ###
Working with: WDC WD2500AAJS
Elapsed time: 69594.6 seconds
 * * *
Loading and working with: data/2014/
There are 3 unique drives in the subset. 
There are 0 failures in the subset.
 * * *
Loading and working with: data/2015/
There are 3 unique drives in the subset. 
There are 1 failures in the subset.
 * * *
Loading and working with: data/data_Q1_2016/
There are 3 unique drives in the subset. 
There are 0 failures in the subset.
 * * *
Loading and working with: data/data_Q2_2016/
There are 3 unique drives in the subset. 
There are 0 failures in the subset.
 * * *
Loading and working with: data/data_Q3_2016/
There are 3 unique drives in the subset. 
There are 0 failures in the subset.
 * * *
Loading and working with: data/data_Q4_2016/
There are 3 unique drives in the subset. 
There are 0 failures in the subset.
There are 3 unique drives in the complete set. 
There are 1 failures in the complete set.
 ### ### ### ### ### ### ### ### ### ### #### ### ###
Working with: WDC WD2500BEVT
Elapsed time: 70627.4 seconds
 * * *
Loading and working with: data/2014/
There are 1 unique drives in the subset. 
There are 0 failures in the subset.
 * * *
Loading and working with: data/2015/
There are 1 unique drives in the subset. 
There are 0 failures in the subset.
 * * *
Loading and working with: data/data_Q1_2016/
There are 1 unique drives in the subset. 
There are 0 failures in the subset.
 * * *
Loading and working with: data/data_Q2_2016/
There are 1 unique drives in the subset. 
There are 0 failures in the subset.
 * * *
Loading and working with: data/data_Q3_2016/
There are 1 unique drives in the subset. 
There are 0 failures in the subset.
 * * *
Loading and working with: data/data_Q4_2016/
There are 1 unique drives in the subset. 
There are 0 failures in the subset.
There are 1 unique drives in the complete set. 
There are 0 failures in the complete set.
 ### ### ### ### ### ### ### ### ### ### #### ### ###
Working with: WDC WD2500BPVT
Elapsed time: 71667.4 seconds
 * * *
Loading and working with: data/2014/
There are 9 unique drives in the subset. 
There are 1 failures in the subset.
 * * *
Loading and working with: data/2015/
There are 8 unique drives in the subset. 
There are 0 failures in the subset.
 * * *
Loading and working with: data/data_Q1_2016/
There are 8 unique drives in the subset. 
There are 0 failures in the subset.
 * * *
Loading and working with: data/data_Q2_2016/
There are 8 unique drives in the subset. 
There are 0 failures in the subset.
 * * *
Loading and working with: data/data_Q3_2016/
There are 8 unique drives in the subset. 
There are 0 failures in the subset.
 * * *
Loading and working with: data/data_Q4_2016/
There are 8 unique drives in the subset. 
There are 0 failures in the subset.
There are 9 unique drives in the complete set. 
There are 1 failures in the complete set.
 ### ### ### ### ### ### ### ### ### ### #### ### ###
Working with: WDC WD2500JB
Elapsed time: 72716.4 seconds
 * * *
Loading and working with: data/2014/
There are 1 unique drives in the subset. 
There are 1 failures in the subset.
 * * *
Loading and working with: data/2015/
There are 0 unique drives in the subset. 
There are 0 failures in the subset.
 * * *
Loading and working with: data/data_Q1_2016/
There are 0 unique drives in the subset. 
There are 0 failures in the subset.
 * * *
Loading and working with: data/data_Q2_2016/
There are 0 unique drives in the subset. 
There are 0 failures in the subset.
 * * *
Loading and working with: data/data_Q3_2016/
There are 0 unique drives in the subset. 
There are 0 failures in the subset.
 * * *
Loading and working with: data/data_Q4_2016/
There are 0 unique drives in the subset. 
There are 0 failures in the subset.
There are 1 unique drives in the complete set. 
There are 1 failures in the complete set.
 ### ### ### ### ### ### ### ### ### ### #### ### ###
Working with: WDC WD30EFRX
Elapsed time: 73759.9 seconds
 * * *
Loading and working with: data/2014/
There are 1050 unique drives in the subset. 
There are 44 failures in the subset.
 * * *
Loading and working with: data/2015/
There are 1209 unique drives in the subset. 
There are 79 failures in the subset.
 * * *
Loading and working with: data/data_Q1_2016/
There are 1066 unique drives in the subset. 
There are 10 failures in the subset.
 * * *
Loading and working with: data/data_Q2_2016/
There are 1086 unique drives in the subset. 
There are 12 failures in the subset.
 * * *
Loading and working with: data/data_Q3_2016/
There are 1087 unique drives in the subset. 
There are 6 failures in the subset.
 * * *
Loading and working with: data/data_Q4_2016/
There are 1111 unique drives in the subset. 
There are 9 failures in the subset.
There are 1304 unique drives in the complete set. 
There are 160 failures in the complete set.
 ### ### ### ### ### ### ### ### ### ### #### ### ###
Working with: WDC WD30EZRS
Elapsed time: 74826.6 seconds
 * * *
Loading and working with: data/2014/
There are 15 unique drives in the subset. 
There are 1 failures in the subset.
 * * *
Loading and working with: data/2015/
There are 0 unique drives in the subset. 
There are 0 failures in the subset.
 * * *
Loading and working with: data/data_Q1_2016/
There are 0 unique drives in the subset. 
There are 0 failures in the subset.
 * * *
Loading and working with: data/data_Q2_2016/
There are 0 unique drives in the subset. 
There are 0 failures in the subset.
 * * *
Loading and working with: data/data_Q3_2016/
There are 0 unique drives in the subset. 
There are 0 failures in the subset.
 * * *
Loading and working with: data/data_Q4_2016/
There are 0 unique drives in the subset. 
There are 0 failures in the subset.
There are 15 unique drives in the complete set. 
There are 1 failures in the complete set.
 ### ### ### ### ### ### ### ### ### ### #### ### ###
Working with: WDC WD30EZRX
Elapsed time: 75840.0 seconds
 * * *
Loading and working with: data/2014/
There are 400 unique drives in the subset. 
There are 8 failures in the subset.
 * * *
Loading and working with: data/2015/
There are 1 unique drives in the subset. 
There are 0 failures in the subset.
 * * *
Loading and working with: data/data_Q1_2016/
There are 0 unique drives in the subset. 
There are 0 failures in the subset.
 * * *
Loading and working with: data/data_Q2_2016/
There are 0 unique drives in the subset. 
There are 0 failures in the subset.
 * * *
Loading and working with: data/data_Q3_2016/
There are 0 unique drives in the subset. 
There are 0 failures in the subset.
 * * *
Loading and working with: data/data_Q4_2016/
There are 0 unique drives in the subset. 
There are 0 failures in the subset.
There are 400 unique drives in the complete set. 
There are 8 failures in the complete set.
 ### ### ### ### ### ### ### ### ### ### #### ### ###
Working with: WDC WD3200AAJB
Elapsed time: 76853.1 seconds
 * * *
Loading and working with: data/2014/
There are 3 unique drives in the subset. 
There are 0 failures in the subset.
 * * *
Loading and working with: data/2015/
There are 3 unique drives in the subset. 
There are 0 failures in the subset.
 * * *
Loading and working with: data/data_Q1_2016/
There are 2 unique drives in the subset. 
There are 1 failures in the subset.
 * * *
Loading and working with: data/data_Q2_2016/
There are 0 unique drives in the subset. 
There are 0 failures in the subset.
 * * *
Loading and working with: data/data_Q3_2016/
There are 0 unique drives in the subset. 
There are 0 failures in the subset.
 * * *
Loading and working with: data/data_Q4_2016/
There are 0 unique drives in the subset. 
There are 0 failures in the subset.
There are 3 unique drives in the complete set. 
There are 1 failures in the complete set.
 ### ### ### ### ### ### ### ### ### ### #### ### ###
Working with: WDC WD3200AAJS
Elapsed time: 77866.8 seconds
 * * *
Loading and working with: data/2014/
There are 6 unique drives in the subset. 
There are 1 failures in the subset.
 * * *
Loading and working with: data/2015/
There are 5 unique drives in the subset. 
There are 1 failures in the subset.
 * * *
Loading and working with: data/data_Q1_2016/
There are 3 unique drives in the subset. 
There are 0 failures in the subset.
 * * *
Loading and working with: data/data_Q2_2016/
There are 3 unique drives in the subset. 
There are 0 failures in the subset.
 * * *
Loading and working with: data/data_Q3_2016/
There are 3 unique drives in the subset. 
There are 0 failures in the subset.
 * * *
Loading and working with: data/data_Q4_2016/
There are 3 unique drives in the subset. 
There are 0 failures in the subset.
There are 6 unique drives in the complete set. 
There are 2 failures in the complete set.
 ### ### ### ### ### ### ### ### ### ### #### ### ###
Working with: WDC WD3200AAKS
Elapsed time: 78890.6 seconds
 * * *
Loading and working with: data/2014/
There are 1 unique drives in the subset. 
There are 0 failures in the subset.
 * * *
Loading and working with: data/2015/
There are 1 unique drives in the subset. 
There are 0 failures in the subset.
 * * *
Loading and working with: data/data_Q1_2016/
There are 1 unique drives in the subset. 
There are 0 failures in the subset.
 * * *
Loading and working with: data/data_Q2_2016/
There are 1 unique drives in the subset. 
There are 0 failures in the subset.
 * * *
Loading and working with: data/data_Q3_2016/
There are 1 unique drives in the subset. 
There are 0 failures in the subset.
 * * *
Loading and working with: data/data_Q4_2016/
There are 0 unique drives in the subset. 
There are 0 failures in the subset.
There are 1 unique drives in the complete set. 
There are 0 failures in the complete set.
 ### ### ### ### ### ### ### ### ### ### #### ### ###
Working with: WDC WD3200BEKT
Elapsed time: 79854.1 seconds
 * * *
Loading and working with: data/2014/
There are 1 unique drives in the subset. 
There are 0 failures in the subset.
 * * *
Loading and working with: data/2015/
There are 1 unique drives in the subset. 
There are 0 failures in the subset.
 * * *
Loading and working with: data/data_Q1_2016/
There are 1 unique drives in the subset. 
There are 0 failures in the subset.
 * * *
Loading and working with: data/data_Q2_2016/
There are 1 unique drives in the subset. 
There are 1 failures in the subset.
 * * *
Loading and working with: data/data_Q3_2016/
There are 0 unique drives in the subset. 
There are 0 failures in the subset.
 * * *
Loading and working with: data/data_Q4_2016/
There are 0 unique drives in the subset. 
There are 0 failures in the subset.
There are 1 unique drives in the complete set. 
There are 1 failures in the complete set.
 ### ### ### ### ### ### ### ### ### ### #### ### ###
Working with: WDC WD3200BEKX
Elapsed time: 80704.8 seconds
 * * *
Loading and working with: data/2014/
There are 13 unique drives in the subset. 
There are 0 failures in the subset.
 * * *
Loading and working with: data/2015/
There are 14 unique drives in the subset. 
There are 3 failures in the subset.
 * * *
Loading and working with: data/data_Q1_2016/
There are 11 unique drives in the subset. 
There are 1 failures in the subset.
 * * *
Loading and working with: data/data_Q2_2016/
There are 10 unique drives in the subset. 
There are 1 failures in the subset.
 * * *
Loading and working with: data/data_Q3_2016/
There are 9 unique drives in the subset. 
There are 0 failures in the subset.
 * * *
Loading and working with: data/data_Q4_2016/
There are 9 unique drives in the subset. 
There are 0 failures in the subset.
There are 14 unique drives in the complete set. 
There are 5 failures in the complete set.
 ### ### ### ### ### ### ### ### ### ### #### ### ###
Working with: WDC WD3200LPVX
Elapsed time: 81534.2 seconds
 * * *
Loading and working with: data/2014/
There are 2 unique drives in the subset. 
There are 0 failures in the subset.
 * * *
Loading and working with: data/2015/
There are 1 unique drives in the subset. 
There are 0 failures in the subset.
 * * *
Loading and working with: data/data_Q1_2016/
There are 1 unique drives in the subset. 
There are 0 failures in the subset.
 * * *
Loading and working with: data/data_Q2_2016/
There are 1 unique drives in the subset. 
There are 0 failures in the subset.
 * * *
Loading and working with: data/data_Q3_2016/
There are 1 unique drives in the subset. 
There are 0 failures in the subset.
 * * *
Loading and working with: data/data_Q4_2016/
There are 1 unique drives in the subset. 
There are 0 failures in the subset.
There are 2 unique drives in the complete set. 
There are 0 failures in the complete set.
 ### ### ### ### ### ### ### ### ### ### #### ### ###
Working with: WDC WD40EFRX
Elapsed time: 82357.4 seconds
 * * *
Loading and working with: data/2014/
There are 45 unique drives in the subset. 
There are 0 failures in the subset.
 * * *
Loading and working with: data/2015/
There are 48 unique drives in the subset. 
There are 2 failures in the subset.
 * * *
Loading and working with: data/data_Q1_2016/
There are 46 unique drives in the subset. 
There are 0 failures in the subset.
 * * *
Loading and working with: data/data_Q2_2016/
There are 47 unique drives in the subset. 
There are 1 failures in the subset.
 * * *
Loading and working with: data/data_Q3_2016/
There are 46 unique drives in the subset. 
There are 0 failures in the subset.
 * * *
Loading and working with: data/data_Q4_2016/
There are 46 unique drives in the subset. 
There are 0 failures in the subset.
There are 49 unique drives in the complete set. 
There are 3 failures in the complete set.
 ### ### ### ### ### ### ### ### ### ### #### ### ###
Working with: WDC WD5000AAJS
Elapsed time: 83171.0 seconds
 * * *
Loading and working with: data/2014/
There are 1 unique drives in the subset. 
There are 0 failures in the subset.
 * * *
Loading and working with: data/2015/
There are 1 unique drives in the subset. 
There are 0 failures in the subset.
 * * *
Loading and working with: data/data_Q1_2016/
There are 0 unique drives in the subset. 
There are 0 failures in the subset.
 * * *
Loading and working with: data/data_Q2_2016/
There are 0 unique drives in the subset. 
There are 0 failures in the subset.
 * * *
Loading and working with: data/data_Q3_2016/
There are 0 unique drives in the subset. 
There are 0 failures in the subset.
 * * *
Loading and working with: data/data_Q4_2016/
There are 0 unique drives in the subset. 
There are 0 failures in the subset.
There are 1 unique drives in the complete set. 
There are 0 failures in the complete set.
 ### ### ### ### ### ### ### ### ### ### #### ### ###
Working with: WDC WD5000BPKT
Elapsed time: 84057.5 seconds
 * * *
Loading and working with: data/2014/
There are 24 unique drives in the subset. 
There are 0 failures in the subset.
 * * *
Loading and working with: data/2015/
There are 24 unique drives in the subset. 
There are 0 failures in the subset.
 * * *
Loading and working with: data/data_Q1_2016/
There are 24 unique drives in the subset. 
There are 0 failures in the subset.
 * * *
Loading and working with: data/data_Q2_2016/
There are 24 unique drives in the subset. 
There are 0 failures in the subset.
 * * *
Loading and working with: data/data_Q3_2016/
There are 24 unique drives in the subset. 
There are 0 failures in the subset.
 * * *
Loading and working with: data/data_Q4_2016/
There are 24 unique drives in the subset. 
There are 0 failures in the subset.
There are 24 unique drives in the complete set. 
There are 0 failures in the complete set.
 ### ### ### ### ### ### ### ### ### ### #### ### ###
Working with: WDC WD5000LPCX
Elapsed time: 84907.4 seconds
 * * *
Loading and working with: data/2014/
There are 0 unique drives in the subset. 
There are 0 failures in the subset.
 * * *
Loading and working with: data/2015/
There are 0 unique drives in the subset. 
There are 0 failures in the subset.
 * * *
Loading and working with: data/data_Q1_2016/
There are 0 unique drives in the subset. 
There are 0 failures in the subset.
 * * *
Loading and working with: data/data_Q2_2016/
There are 26 unique drives in the subset. 
There are 0 failures in the subset.
 * * *
Loading and working with: data/data_Q3_2016/
There are 47 unique drives in the subset. 
There are 0 failures in the subset.
 * * *
Loading and working with: data/data_Q4_2016/
There are 47 unique drives in the subset. 
There are 1 failures in the subset.
There are 47 unique drives in the complete set. 
There are 1 failures in the complete set.
 ### ### ### ### ### ### ### ### ### ### #### ### ###
Working with: WDC WD5000LPVX
Elapsed time: 85714.2 seconds
 * * *
Loading and working with: data/2014/
There are 172 unique drives in the subset. 
There are 0 failures in the subset.
 * * *
Loading and working with: data/2015/
There are 271 unique drives in the subset. 
There are 30 failures in the subset.
 * * *
Loading and working with: data/data_Q1_2016/
There are 296 unique drives in the subset. 
There are 2 failures in the subset.
 * * *
Loading and working with: data/data_Q2_2016/
There are 325 unique drives in the subset. 
There are 1 failures in the subset.
 * * *
Loading and working with: data/data_Q3_2016/
There are 329 unique drives in the subset. 
There are 1 failures in the subset.
 * * *
Loading and working with: data/data_Q4_2016/
There are 329 unique drives in the subset. 
There are 1 failures in the subset.
There are 340 unique drives in the complete set. 
There are 35 failures in the complete set.
 ### ### ### ### ### ### ### ### ### ### #### ### ###
Working with: WDC WD5002ABYS
Elapsed time: 86565.2 seconds
 * * *
Loading and working with: data/2014/
There are 6 unique drives in the subset. 
There are 0 failures in the subset.
 * * *
Loading and working with: data/2015/
There are 5 unique drives in the subset. 
There are 0 failures in the subset.
 * * *
Loading and working with: data/data_Q1_2016/
There are 5 unique drives in the subset. 
There are 0 failures in the subset.
 * * *
Loading and working with: data/data_Q2_2016/
There are 5 unique drives in the subset. 
There are 1 failures in the subset.
 * * *
Loading and working with: data/data_Q3_2016/
There are 4 unique drives in the subset. 
There are 0 failures in the subset.
 * * *
Loading and working with: data/data_Q4_2016/
There are 3 unique drives in the subset. 
There are 0 failures in the subset.
There are 6 unique drives in the complete set. 
There are 1 failures in the complete set.
 ### ### ### ### ### ### ### ### ### ### #### ### ###
Working with: WDC WD5003ABYX
Elapsed time: 87389.2 seconds
 * * *
Loading and working with: data/2014/
There are 2 unique drives in the subset. 
There are 0 failures in the subset.
 * * *
Loading and working with: data/2015/
There are 2 unique drives in the subset. 
There are 0 failures in the subset.
 * * *
Loading and working with: data/data_Q1_2016/
There are 2 unique drives in the subset. 
There are 0 failures in the subset.
 * * *
Loading and working with: data/data_Q2_2016/
There are 2 unique drives in the subset. 
There are 0 failures in the subset.
 * * *
Loading and working with: data/data_Q3_2016/
There are 2 unique drives in the subset. 
There are 0 failures in the subset.
 * * *
Loading and working with: data/data_Q4_2016/
There are 2 unique drives in the subset. 
There are 0 failures in the subset.
There are 2 unique drives in the complete set. 
There are 0 failures in the complete set.
 ### ### ### ### ### ### ### ### ### ### #### ### ###
Working with: WDC WD60EFRX
Elapsed time: 88197.1 seconds
 * * *
Loading and working with: data/2014/
There are 272 unique drives in the subset. 
There are 1 failures in the subset.
 * * *
Loading and working with: data/2015/
There are 485 unique drives in the subset. 
There are 27 failures in the subset.
 * * *
Loading and working with: data/data_Q1_2016/
There are 464 unique drives in the subset. 
There are 6 failures in the subset.
 * * *
Loading and working with: data/data_Q2_2016/
There are 458 unique drives in the subset. 
There are 1 failures in the subset.
 * * *
Loading and working with: data/data_Q3_2016/
There are 464 unique drives in the subset. 
There are 13 failures in the subset.
 * * *
Loading and working with: data/data_Q4_2016/
There are 451 unique drives in the subset. 
There are 5 failures in the subset.
There are 499 unique drives in the complete set. 
There are 53 failures in the complete set.
 ### ### ### ### ### ### ### ### ### ### #### ### ###
Working with: WDC WD800AAJB
Elapsed time: 89023.7 seconds
 * * *
Loading and working with: data/2014/
There are 23 unique drives in the subset. 
There are 4 failures in the subset.
 * * *
Loading and working with: data/2015/
There are 16 unique drives in the subset. 
There are 5 failures in the subset.
 * * *
Loading and working with: data/data_Q1_2016/
There are 7 unique drives in the subset. 
There are 1 failures in the subset.
 * * *
Loading and working with: data/data_Q2_2016/
There are 3 unique drives in the subset. 
There are 1 failures in the subset.
 * * *
Loading and working with: data/data_Q3_2016/
There are 0 unique drives in the subset. 
There are 0 failures in the subset.
 * * *
Loading and working with: data/data_Q4_2016/
There are 0 unique drives in the subset. 
There are 0 failures in the subset.
There are 23 unique drives in the complete set. 
There are 11 failures in the complete set.
 ### ### ### ### ### ### ### ### ### ### #### ### ###
Working with: WDC WD800AAJS
Elapsed time: 89845.4 seconds
 * * *
Loading and working with: data/2014/
There are 30 unique drives in the subset. 
There are 1 failures in the subset.
 * * *
Loading and working with: data/2015/
There are 16 unique drives in the subset. 
There are 0 failures in the subset.
 * * *
Loading and working with: data/data_Q1_2016/
There are 14 unique drives in the subset. 
There are 0 failures in the subset.
 * * *
Loading and working with: data/data_Q2_2016/
There are 14 unique drives in the subset. 
There are 14 failures in the subset.
 * * *
Loading and working with: data/data_Q3_2016/
There are 0 unique drives in the subset. 
There are 0 failures in the subset.
 * * *
Loading and working with: data/data_Q4_2016/
There are 0 unique drives in the subset. 
There are 0 failures in the subset.
There are 30 unique drives in the complete set. 
There are 15 failures in the complete set.
 ### ### ### ### ### ### ### ### ### ### #### ### ###
Working with: WDC WD800BB
Elapsed time: 90677.2 seconds
 * * *
Loading and working with: data/2014/
There are 56 unique drives in the subset. 
There are 4 failures in the subset.
 * * *
Loading and working with: data/2015/
There are 43 unique drives in the subset. 
There are 3 failures in the subset.
 * * *
Loading and working with: data/data_Q1_2016/
There are 5 unique drives in the subset. 
There are 4 failures in the subset.
 * * *
Loading and working with: data/data_Q2_2016/
There are 1 unique drives in the subset. 
There are 1 failures in the subset.
 * * *
Loading and working with: data/data_Q3_2016/
There are 0 unique drives in the subset. 
There are 0 failures in the subset.
 * * *
Loading and working with: data/data_Q4_2016/
There are 0 unique drives in the subset. 
There are 0 failures in the subset.
There are 56 unique drives in the complete set. 
There are 12 failures in the complete set.
 ### ### ### ### ### ### ### ### ### ### #### ### ###
Working with: WDC WD800JB
Elapsed time: 91473.9 seconds
 * * *
Loading and working with: data/2014/
There are 19 unique drives in the subset. 
There are 0 failures in the subset.
 * * *
Loading and working with: data/2015/
There are 18 unique drives in the subset. 
There are 3 failures in the subset.
 * * *
Loading and working with: data/data_Q1_2016/
There are 4 unique drives in the subset. 
There are 3 failures in the subset.
 * * *
Loading and working with: data/data_Q2_2016/
There are 1 unique drives in the subset. 
There are 1 failures in the subset.
 * * *
Loading and working with: data/data_Q3_2016/
There are 0 unique drives in the subset. 
There are 0 failures in the subset.
 * * *
Loading and working with: data/data_Q4_2016/
There are 0 unique drives in the subset. 
There are 0 failures in the subset.
There are 19 unique drives in the complete set. 
There are 7 failures in the complete set.
 ### ### ### ### ### ### ### ### ### ### #### ### ###
Working with: WDC WD800JD
Elapsed time: 92270.0 seconds
 * * *
Loading and working with: data/2014/
There are 1 unique drives in the subset. 
There are 0 failures in the subset.
 * * *
Loading and working with: data/2015/
There are 1 unique drives in the subset. 
There are 0 failures in the subset.
 * * *
Loading and working with: data/data_Q1_2016/
There are 1 unique drives in the subset. 
There are 1 failures in the subset.
 * * *
Loading and working with: data/data_Q2_2016/
There are 0 unique drives in the subset. 
There are 0 failures in the subset.
 * * *
Loading and working with: data/data_Q3_2016/
There are 0 unique drives in the subset. 
There are 0 failures in the subset.
 * * *
Loading and working with: data/data_Q4_2016/
There are 0 unique drives in the subset. 
There are 0 failures in the subset.
There are 1 unique drives in the complete set. 
There are 1 failures in the complete set.
 ### ### ### ### ### ### ### ### ### ### #### ### ###
Working with: WDC WD800LB
Elapsed time: 93082.2 seconds
 * * *
Loading and working with: data/2014/
There are 2 unique drives in the subset. 
There are 0 failures in the subset.
 * * *
Loading and working with: data/2015/
There are 2 unique drives in the subset. 
There are 0 failures in the subset.
 * * *
Loading and working with: data/data_Q1_2016/
There are 1 unique drives in the subset. 
There are 1 failures in the subset.
 * * *
Loading and working with: data/data_Q2_2016/
There are 0 unique drives in the subset. 
There are 0 failures in the subset.
 * * *
Loading and working with: data/data_Q3_2016/
There are 0 unique drives in the subset. 
There are 0 failures in the subset.
 * * *
Loading and working with: data/data_Q4_2016/
There are 0 unique drives in the subset. 
There are 0 failures in the subset.
There are 2 unique drives in the complete set. 
There are 1 failures in the complete set.
